processing @ date: jeu. 06 févr. 2025 11:03:17 UTC
- STATS on ASCC_full.fits :
Total Rows: 2501313
+----------+------------+------------+--------------+-----------+---------+
| column   | mean       | stdDev     | min          | max       | good    |
+----------+------------+------------+--------------+-----------+---------+
| _RAJ2000 | 188.87096  | 100.47709  | 3.4094515E-4 | 359.99988 | 2501313 |
| _DEJ2000 | -3.317228  | 41.249565  | -89.88966    | 89.911354 | 2501313 |
| pmRA     | -1.7540642 | 32.2306    | -4417.35     | 6773.35   | 2501313 |
| pmDE     | -6.0875754 | 30.390753  | -5813.7      | 10308.08  | 2501313 |
| Vmag     | 11.069625  | 1.1319602  | -1.121       | 16.746    | 2500626 |
| TYC1     | 4933.0464  | 2840.6257  | 0            | 9537      | 2501313 |
| TYC2     | 1085.0278  | 858.9906   | 0            | 12121     | 2501313 |
| TYC3     | 0.9864971  | 0.15440936 | 0            | 4         | 2501313 |
| ASCC     | 1252960.5  | 724010.0   | 1            | 2603318   | 2501313 |
| recno    | 1250657.0  | 722066.9   | 1            | 2501313   | 2501313 |
+----------+------------+------------+--------------+-----------+---------+
- STATS on mdfc-v10.fits :
Total Rows: 465857
+--------------+-------------+-------------+--------------+-----------+--------+
| column       | mean        | stdDev      | min          | max       | good   |
+--------------+-------------+-------------+--------------+-----------+--------+
| Name         |             |             |              |           | 465857 |
| SpType       |             |             |              |           | 465857 |
| RAJ2000      |             |             |              |           | 465857 |
| DEJ2000      |             |             |              |           | 465857 |
| distance     | 567.73395   | 660.71625   | 1.3011867    | 18404.096 | 460564 |
| teff_midi    | 4384.0073   | 1514.4413   | 3327         | 25645     | 403    |
| teff_gaia    | 6099.031    | 1522.948    | 2241.0       | 64977.0   | 463781 |
| Comp         |             |             |              |           | 4946   |
| mean_sep     | 27.04654    | 96.56517    | -1.0         | 999.9     | 28003  |
| mag1         | 9.140074    | 1.6275178   | -1.47        | 16.2      | 28003  |
| mag2         | 11.752113   | 2.1467986   | 0.18         | 24.6      | 27611  |
| diam_midi    | 3.2239852   | 1.9918951   | 0.92         | 20.398    | 402    |
| e_diam_midi  | 0.016890548 | 0.011792271 | 0.004        | 0.087     | 402    |
| diam_cohen   | 2.7435546   | 1.189701    | 1.59         | 10.03     | 422    |
| e_diam_cohen | 0.036658768 | 0.016024187 | 0.018        | 0.121     | 422    |
| diam_gaia    | 0.17881162  | 0.3026772   | 9.893455E-4  | 43.475067 | 429824 |
| LDD_meas     | 2.67697     | 3.2892106   | 0.225        | 39.759    | 567    |
| e_diam_meas  | 0.34178808  | 4.2889524   | 0.001        | 120.0     | 788    |
| UDD_meas     | 4.4887686   | 16.708101   | 0.05         | 420.0     | 700    |
| band_meas    |             |             |              |           | 781    |
| LDD_est      | 0.18713047  | 0.33603582  | 0.002        | 44.85     | 465605 |
| e_diam_est   | 0.007890246 | 0.029105874 | 0.0          | 2.885     | 465605 |
| UDDL_est     | 0.1849376   | 0.33243763  | 0.002        | 44.459    | 465605 |
| UDDM_est     | 0.18540157  | 0.3329401   | 0.002        | 44.476    | 465605 |
| UDDN_est     | 0.18608275  | 0.33407295  | 0.002        | 44.603    | 465605 |
| Jmag         | 8.347455    | 1.5624622   | -2.989       | 15.447    | 465188 |
| Hmag         | 8.036082    | 1.7315052   | -4.007       | 15.439    | 465857 |
| Kmag         | 7.9406104   | 1.7788626   | -4.378       | 15.638    | 465857 |
| W4mag        | 7.4334354   | 1.5221424   | -6.859       | 10.149    | 465113 |
| CalFlag      | 0.09299205  | 0.55026287  | 0            | 7         | 465857 |
| IRflag       | 1.0827936   | 1.554538    | 0            | 7         | 465857 |
| nb_Lflux     | 1.9706455   | 0.34433657  | 0            | 5         | 465857 |
| med_Lflux    | 1.5254774   | 42.61173    | 1.6299028E-4 | 15720.791 | 465755 |
| disp_Lflux   | 0.30919802  | 15.989581   | 2.0396099E-8 | 7742.2144 | 432072 |
| nb_Mflux     | 1.9757823   | 0.36098757  | 0            | 6         | 465857 |
| med_Mflux    | 0.8892675   | 19.973076   | 8.886453E-5  | 7141.7    | 465757 |
| disp_Mflux   | 0.22529167  | 9.646683    | 5.681251E-10 | 4292.073  | 432130 |
| nb_Nflux     | 2.4884224   | 0.94565606  | 0            | 9         | 465857 |
| med_Nflux    | 0.33924013  | 18.71475    | 9.8775825E-5 | 9278.1    | 465750 |
| disp_Nflux   | 0.0845671   | 4.924083    | 6.325757E-10 | 2386.5    | 433969 |
| Lcorflux_30  | 1.2305617   | 10.585987   | 1.6299028E-4 | 1681.6018 | 465521 |
| Lcorflux_100 | 1.0548543   | 5.1469135   | 1.6299027E-4 | 956.6236  | 465521 |
| Lcorflux_130 | 0.9943006   | 4.3013268   | 1.6299025E-4 | 872.3458  | 465521 |
| Mcorflux_30  | 0.75047773  | 5.9194183   | 8.886453E-5  | 1237.3656 | 465507 |
| Mcorflux_100 | 0.6851532   | 3.415813    | 8.886452E-5  | 521.01306 | 465507 |
| Mcorflux_130 | 0.65762204  | 2.9565108   | 8.886452E-5  | 496.79926 | 465507 |
| Ncorflux_30  | 0.23722996  | 5.3514657   | 9.877582E-5  | 2300.2861 | 465501 |
| Ncorflux_100 | 0.22025737  | 3.0437691   | 9.877579E-5  | 994.1644  | 465501 |
| Ncorflux_130 | 0.21549404  | 2.8604133   | 9.877577E-5  | 994.1628  | 465501 |
+--------------+-------------+-------------+--------------+-----------+--------+
- STATS on SIMBAD_full.vot.fits :
Total Rows: 20046872
+---------------+-------------+------------+------------+--------------+----------+
| column        | mean        | stdDev     | min        | max          | good     |
+---------------+-------------+------------+------------+--------------+----------+
| main_id       |             |            |            |              | 20046872 |
| ra            | 192.32353   | 97.65777   | 0.0        | 359.99997    | 20046872 |
| dec           | -4.727993   | 37.815365  | -89.90739  | 90.0         | 20046872 |
| coo_err_maj   | 9.08302     | 1168.314   | 0.0        | 636847.25    | 14878256 |
| coo_err_min   | 8.777306    | 1168.2705  | 0.0        | 636847.25    | 14878254 |
| coo_err_angle | 107.97242   | 41.307148  | 0.0        | 179.0        | 20046872 |
| otype         |             |            |            |              | 20046872 |
| nbref         | 2.2484744   | 12.740412  | 0          | 18018        | 20046872 |
| ra_sexa       |             |            |            |              | 20046872 |
| dec_sexa      |             |            |            |              | 20046872 |
| coo_qual      |             |            |            |              | 20046872 |
| coo_bibcode   |             |            |            |              | 19897303 |
| main_type     |             |            |            |              | 20024597 |
| other_types   |             |            |            |              | 19976140 |
| radvel        | 54186.414   | 82484.08   | -84723.35  | 299297.47    | 8049089  |
| radvel_err    | 1288.86     | 138735.61  | -1798754.8 | 2.62345392E8 | 5808668  |
| redshift      | 0.36689687  | 0.7390348  | -9.99898   | 33.79        | 8049328  |
| redshift_err  | 0.004299173 | 0.4627722  | -6.0       | 875.09       | 5808668  |
| sp_type       |             |            |            |              | 1153941  |
| morph_type    |             |            |            |              | 148872   |
| plx           | 1.5877287   | 3.368635   | -12.4      | 768.0665     | 9797234  |
| plx_err       | 0.1499272   | 0.26179945 | 0.0        | 72.3         | 9795668  |
| pmra          | -1.9796356  | 27.553507  | -8123.7    | 6765.995     | 11597742 |
| pmdec         | -5.207331   | 26.206423  | -5817.8    | 10362.394    | 11597742 |
| pm_err_maj    | 0.22045195  | 1.6695876  | 0.0        | 3852.0       | 11595166 |
| pm_err_min    | 0.19469301  | 4.8746777  | 0.0        | 16383.0      | 11595089 |
| pm_err_pa     | 767.24896   | 4655.5195  | 0          | 32767        | 11840323 |
| size_maj      | 5.0777264   | 398.8873   | -0.017833  | 429050.0     | 1780493  |
| size_min      | 4.69365     | 353.3584   | -0.017833  | 429050.0     | 1780472  |
| size_angle    | 97.324356   | 1044.089   | -267       | 32767        | 1688353  |
| B             | 15.000807   | 4.38233    | -1.46      | 45.38        | 5262636  |
| V             | 14.69841    | 4.5203314  | -1.46      | 38.76        | 5708932  |
| R             | 16.167086   | 4.350359   | -1.46      | 50.0         | 2304083  |
| J             | 12.363684   | 3.878805   | -3.0       | 35.847       | 7845341  |
| H             | 11.803009   | 4.137609   | -3.73      | 34.92        | 7871322  |
| K             | 11.502464   | 3.9855666  | -4.05      | 33.274       | 7884112  |
| u             | 21.63187    | 2.216926   | 0.003      | 37.003       | 3057365  |
| g             | 18.634373   | 3.4144177  | 0.008      | 34.298       | 5120861  |
| r             | 17.75938    | 3.3297157  | 0.003      | 35.667       | 5169208  |
| i             | 17.601536   | 3.6581275  | 0.004      | 35.288       | 4518979  |
| z             | 19.039694   | 2.1839924  | 0.004      | 36.46        | 3330716  |
+---------------+-------------+------------+------------+--------------+----------+
- STATS on 1_min_ASCC_full.fits :
Total Rows: 2501313
+----------+------------+-----------+--------------+-----------+---------+
| column   | mean       | stdDev    | min          | max       | good    |
+----------+------------+-----------+--------------+-----------+---------+
| _RAJ2000 | 188.87096  | 100.47709 | 3.4094515E-4 | 359.99988 | 2501313 |
| _DEJ2000 | -3.317228  | 41.249565 | -89.88966    | 89.911354 | 2501313 |
| pmRA     | -1.7540642 | 32.2306   | -4417.35     | 6773.35   | 2501313 |
| pmDE     | -6.0875754 | 30.390753 | -5813.7      | 10308.08  | 2501313 |
| Vmag     | 11.069625  | 1.1319602 | -1.121       | 16.746    | 2500626 |
| ASCC_ID  | 1252960.5  | 724010.0  | 1            | 2603318   | 2501313 |
| ra_a_91  | 188.87096  | 100.4771  | 2.8266E-4    | 359.9999  | 2501313 |
| de_a_91  | -3.3172133 | 41.24957  | -89.88964    | 89.91136  | 2501313 |
+----------+------------+-----------+--------------+-----------+---------+
- STATS on 1_min_Grp_ASCC_full.fits :
Total Rows: 2500764
+-----------------+------------+------------+--------------+-----------+---------+
| column          | mean       | stdDev     | min          | max       | good    |
+-----------------+------------+------------+--------------+-----------+---------+
| _RAJ2000        | 188.87296  | 100.47335  | 3.4094515E-4 | 359.99988 | 2500764 |
| _DEJ2000        | -3.3170354 | 41.25193   | -89.88966    | 89.911354 | 2500764 |
| pmRA            | -1.754506  | 32.229416  | -4417.35     | 6773.35   | 2500764 |
| pmDE            | -6.086718  | 30.385551  | -5813.7      | 10308.08  | 2500764 |
| Vmag            | 11.069625  | 1.1319602  | -1.121       | 16.746    | 2500626 |
| ASCC_ID         | 1252958.2  | 724051.6   | 1            | 2603318   | 2500764 |
| ra_a_91         | 188.87297  | 100.47336  | 2.8266E-4    | 359.9999  | 2500764 |
| de_a_91         | -3.3170204 | 41.251934  | -89.88964    | 89.91136  | 2500764 |
| ASCC_GROUP_SIZE | 2.0283375  | 0.17042844 | 2            | 4         | 31760   |
+-----------------+------------+------------+--------------+-----------+---------+
- STATS on 1_obj_star_SIMBAD_full.vot.fits :
Total Rows: 10940381
+---------------+--------------+------------+-----------+-------------+----------+
| column        | mean         | stdDev     | min       | max         | good     |
+---------------+--------------+------------+-----------+-------------+----------+
| main_id       |              |            |           |             | 10940381 |
| ra            | 198.72646    | 97.29648   | 0.0       | 359.9999    | 10940381 |
| dec           | -9.219172    | 39.5739    | -89.88967 | 90.0        | 10940381 |
| coo_err_maj   | 13.29239     | 1443.1635  | 0.0       | 636847.25   | 9747164  |
| coo_err_min   | 12.90619     | 1443.13    | 0.0       | 636847.25   | 9747162  |
| coo_err_angle | 97.04841     | 29.490423  | 0.0       | 179.0       | 10940381 |
| otype         |              |            |           |             | 10940381 |
| nbref         | 2.2413998    | 10.516274  | 0         | 15045       | 10940381 |
| ra_sexa       |              |            |           |             | 10940381 |
| dec_sexa      |              |            |           |             | 10940381 |
| coo_qual      |              |            |           |             | 10940381 |
| coo_bibcode   |              |            |           |             | 10867367 |
| main_type     |              |            |           |             | 10940378 |
| other_types   |              |            |           |             | 10889670 |
| radvel        | 5910.5576    | 27590.592  | -76618.44 | 299297.47   | 4627730  |
| radvel_err    | 386.1714     | 27752.762  | -9.99     | 3.5740656E7 | 4356141  |
| redshift      | 0.035487704  | 0.2659467  | -9.99898  | 33.79       | 4627773  |
| redshift_err  | 0.0012881273 | 0.09257325 | -3.33E-5  | 119.217995  | 4356141  |
| sp_type       |              |            |           |             | 1153941  |
| morph_type    |              |            |           |             | 22       |
| plx           | 1.8982488    | 3.6020474  | -12.4     | 768.0665    | 7523146  |
| plx_err       | 0.11790899   | 0.23809984 | 0.0       | 72.3        | 7521689  |
| pmra          | -1.9694955   | 30.564892  | -8123.7   | 6765.995    | 8681176  |
| pmdec         | -6.137317    | 29.10485   | -5817.8   | 10362.394   | 8681176  |
| pm_err_maj    | 0.1815509    | 1.895925   | 0.0       | 3852.0      | 8678684  |
| pm_err_min    | 0.16262384   | 5.6300926  | 0.0       | 16383.0     | 8678681  |
| pm_err_pa     | 255.63455    | 2321.1572  | 0         | 32767       | 8722814  |
| size_maj      | 30.022696    | 942.19714  | 0.0       | 429050.0    | 246728   |
| size_min      | 29.510498    | 941.9144   | 0.0       | 429050.0    | 246726   |
| size_angle    | 197.23134    | 1931.8157  | -173      | 32767       | 240660   |
| B             | 13.31502     | 2.6770668  | -1.46     | 45.38       | 4109959  |
| V             | 13.027824    | 3.067928   | -1.46     | 38.76       | 4495380  |
| R             | 13.854828    | 2.5778325  | -1.46     | 50.0        | 1440623  |
| J             | 11.295947    | 2.42195    | -3.0      | 31.108      | 6696852  |
| H             | 10.613803    | 2.4435267  | -3.73     | 31.13       | 6691953  |
| K             | 10.377926    | 2.4639437  | -4.05     | 29.58       | 6702826  |
| u             | 20.802761    | 2.6609378  | 0.003     | 32.0        | 559943   |
| g             | 15.889571    | 3.255791   | 0.008     | 33.7        | 1986494  |
| r             | 15.028681    | 3.122581   | 0.003     | 32.7        | 2005976  |
| i             | 14.419087    | 3.4102943  | 0.004     | 32.83       | 1690098  |
| z             | 17.80761     | 2.413315   | 0.004     | 31.866      | 622982   |
+---------------+--------------+------------+-----------+-------------+----------+
- STATS on 1_obj_star_Vgt16_SIMBAD_full.vot.fits :
Total Rows: 796552
+---------------+--------------+------------+------------+-----------+--------+
| column        | mean         | stdDev     | min        | max       | good   |
+---------------+--------------+------------+------------+-----------+--------+
| main_id       |              |            |            |           | 796552 |
| ra            | 144.60864    | 109.68682  | 0.0        | 359.9994  | 796552 |
| dec           | -31.606236   | 39.3168    | -87.763954 | 89.08628  | 796552 |
| coo_err_maj   | 0.10717148   | 3.430733   | 0.0        | 1080.0    | 564158 |
| coo_err_min   | 0.10231079   | 3.4264762  | 0.0        | 1080.0    | 564158 |
| coo_err_angle | 111.26492    | 42.345695  | 0.0        | 179.0     | 796552 |
| otype         |              |            |            |           | 796552 |
| nbref         | 2.8144364    | 9.368843   | 0          | 3105      | 796552 |
| ra_sexa       |              |            |            |           | 796552 |
| dec_sexa      |              |            |            |           | 796552 |
| coo_qual      |              |            |            |           | 796552 |
| coo_bibcode   |              |            |            |           | 784118 |
| main_type     |              |            |            |           | 796552 |
| other_types   |              |            |            |           | 752584 |
| radvel        | 16433.625    | 54792.18   | -1309.945  | 293619.6  | 85014  |
| radvel_err    | 790.714      | 26620.78   | -9.99      | 2997918.5 | 68557  |
| redshift      | 0.13541621   | 0.57964    | -0.00436   | 8.8047    | 85042  |
| redshift_err  | 0.0026375367 | 0.08879737 | -3.33E-5   | 9.99998   | 68557  |
| sp_type       |              |            |            |           | 32304  |
| morph_type    |              |            |            |           | 10     |
| plx           | 0.7102169    | 2.6725035  | 0.0        | 496.0     | 343695 |
| plx_err       | 0.13833894   | 0.19485395 | 0.0027     | 37.0      | 343695 |
| pmra          | -0.09212074  | 26.079765  | -2759.0    | 3981.977  | 472297 |
| pmdec         | -3.8415132   | 24.284582  | -2466.832  | 1680.502  | 472297 |
| pm_err_maj    | 0.20427741   | 0.53861004 | 0.0        | 75.0      | 472234 |
| pm_err_min    | 0.21059032   | 23.845345  | 0.0        | 16383.0   | 472234 |
| pm_err_pa     | 238.58136    | 2199.443   | 0          | 32767     | 474393 |
| size_maj      | 0.1689309    | 0.47150233 | 8.0E-6     | 16.78     | 2836   |
| size_min      | 0.1363979    | 0.3466439  | 0.0        | 8.8       | 2835   |
| size_angle    | 101.51163    | 1394.6456  | -89        | 32767     | 2752   |
| B             | 19.484404    | 2.4215317  | 8.09       | 45.38     | 285678 |
| V             | 18.517584    | 2.1595938  | 16.001     | 38.76     | 796552 |
| R             | 19.15771     | 3.812743   | 2.383      | 30.24     | 81507  |
| J             | 14.814598    | 2.984647   | 1.715      | 30.012    | 372305 |
| H             | 14.025344    | 3.5139523  | 0.075      | 30.394    | 348900 |
| K             | 13.783096    | 3.396141   | -0.935     | 28.074    | 353419 |
| u             | 22.153986    | 3.8076148  | 14.7       | 30.22     | 26892  |
| g             | 18.078993    | 1.7257268  | 13.595     | 29.39     | 51023  |
| r             | 17.53991     | 1.7453885  | 12.383     | 29.39     | 52243  |
| i             | 19.393364    | 4.0448337  | 9.146      | 31.338    | 60353  |
| z             | 20.030676    | 3.8631122  | 11.749     | 30.431    | 45193  |
+---------------+--------------+------------+------------+-----------+--------+
- STATS on 1_obj_SIMBAD_full.vot.fits :
Total Rows: 10143829
+---------------+--------------+------------+------------+-------------+----------+
| column        | mean         | stdDev     | min        | max         | good     |
+---------------+--------------+------------+------------+-------------+----------+
| main_id       |              |            |            |             | 10143829 |
| ra            | 202.9761     | 94.95882   | 0.0        | 359.9999    | 10143829 |
| dec           | -7.4612103   | 39.054325  | -89.88967  | 90.0        | 10143829 |
| coo_err_maj   | 14.102424    | 1486.8291  | 0.0        | 636847.25   | 9183006  |
| coo_err_min   | 13.692797    | 1486.7948  | 0.0        | 636847.25   | 9183004  |
| coo_err_angle | 95.932045    | 27.929405  | 0.0        | 179.0       | 10143829 |
| otype         |              |            |            |             | 10143829 |
| nbref         | 2.1964016    | 10.599808  | 0          | 15045       | 10143829 |
| ra_sexa       |              |            |            |             | 10143829 |
| dec_sexa      |              |            |            |             | 10143829 |
| coo_qual      |              |            |            |             | 10143829 |
| coo_bibcode   |              |            |            |             | 10083249 |
| main_type     |              |            |            |             | 10143826 |
| other_types   |              |            |            |             | 10137086 |
| radvel        | 5713.625     | 26780.44   | -76618.44  | 299297.47   | 4542716  |
| radvel_err    | 379.70288    | 27770.44   | -9.99      | 3.5740656E7 | 4287584  |
| redshift      | 0.033616997  | 0.25606933 | -9.99898   | 33.79       | 4542731  |
| redshift_err  | 0.0012665507 | 0.09263221 | -3.33E-5   | 119.217995  | 4287584  |
| sp_type       |              |            |            |             | 1121637  |
| morph_type    |              |            |            |             | 12       |
| plx           | 1.9551224    | 3.6308615  | -12.4      | 768.0665    | 7179451  |
| plx_err       | 0.11693077   | 0.23993146 | 0.0        | 72.3        | 7177994  |
| pmra          | -2.07751     | 30.7996    | -8123.7    | 6765.995    | 8208879  |
| pmdec         | -6.269406    | 29.352655  | -5817.8    | 10362.394   | 8208879  |
| pm_err_maj    | 0.18024312   | 1.945418   | 0.0        | 3852.0      | 8206450  |
| pm_err_min    | 0.15986364   | 0.8956201  | 0.0        | 787.0       | 8206447  |
| pm_err_pa     | 256.61533    | 2327.96    | 0          | 32767       | 8248421  |
| size_maj      | 30.369839    | 947.65375  | 0.0        | 429050.0    | 243892   |
| size_min      | 29.851944    | 947.3677   | 0.0        | 429050.0    | 243891   |
| size_angle    | 198.33858    | 1937.1305  | -173       | 32767       | 237908   |
| B             | 12.854159    | 2.0514386  | -1.46      | 36.65       | 3824281  |
| V             | 11.845591    | 1.5958984  | -1.46      | 16.0        | 3698828  |
| R             | 13.536812    | 2.0938969  | -1.46      | 50.0        | 1359116  |
| J             | 11.088817    | 2.2169862  | -3.0       | 31.108      | 6324547  |
| H             | 10.42615     | 2.2236588  | -3.73      | 31.13       | 6343053  |
| K             | 10.188389    | 2.255132   | -4.05      | 29.58       | 6349407  |
| u             | 20.734592    | 2.5709207  | 0.003      | 32.0        | 533051   |
| g             | 15.831853    | 3.2667122  | 0.008      | 33.7        | 1935471  |
| r             | 14.961531    | 3.1235623  | 0.003      | 32.7        | 1953733  |
| i             | 14.2348795   | 3.2410936  | 0.004      | 32.83       | 1629745  |
| z             | 17.633728    | 2.1669247  | 0.004      | 31.866      | 577789   |
| ra_s_91       | 202.9761     | 94.958824  | 0.0        | 359.99994   | 10143829 |
| de_s_91       | -7.4611983   | 39.05433   | -89.889656 | 90.0        | 10143829 |
+---------------+--------------+------------+------------+-------------+----------+
- STATS on 1_min_0_1_obj_SIMBAD_full.vot.fits :
Total Rows: 10143829
+---------+------------+-----------+------------+-----------+----------+
| column  | mean       | stdDev    | min        | max       | good     |
+---------+------------+-----------+------------+-----------+----------+
| ra_s_91 | 202.9761   | 94.958824 | 0.0        | 359.99994 | 10143829 |
| de_s_91 | -7.4611983 | 39.05433  | -89.889656 | 90.0      | 10143829 |
| main_id |            |           |            |           | 10143829 |
+---------+------------+-----------+------------+-----------+----------+
- STATS on 1_min_1_obj_SIMBAD_full.vot.fits :
Total Rows: 10143829
+-------------------+------------+-----------+------------+-----------+----------+
| column            | mean       | stdDev    | min        | max       | good     |
+-------------------+------------+-----------+------------+-----------+----------+
| ra_s_91           | 202.9761   | 94.958824 | 0.0        | 359.99994 | 10143829 |
| de_s_91           | -7.4611983 | 39.05433  | -89.889656 | 90.0      | 10143829 |
| main_id           |            |           |            |           | 10143829 |
| SIMBAD_GROUP_SIZE | 61.124046  | 405.31454 | 2          | 3534      | 302966   |
+-------------------+------------+-----------+------------+-----------+----------+
- STATS on 1_sub_1_obj_SIMBAD_full.vot.fits :
Total Rows: 10143829
+-------------+------------+-----------+------------+-----------+----------+
| column      | mean       | stdDev    | min        | max       | good     |
+-------------+------------+-----------+------------+-----------+----------+
| ra_s        | 202.9761   | 94.95882  | 0.0        | 359.9999  | 10143829 |
| de_s        | -7.4612103 | 39.054325 | -89.88967  | 90.0      | 10143829 |
| ra_s_91     | 202.9761   | 94.958824 | 0.0        | 359.99994 | 10143829 |
| de_s_91     | -7.4611983 | 39.05433  | -89.889656 | 90.0      | 10143829 |
| main_id     |            |           |            |           | 10143829 |
| sp_type     |            |           |            |           | 1121637  |
| main_type   |            |           |            |           | 10143826 |
| other_types |            |           |            |           | 10137086 |
| V           | 11.845591  | 1.5958984 | -1.46      | 16.0      | 3698828  |
+-------------+------------+-----------+------------+-----------+----------+
- STATS on 1_sub_sptype_1_obj_SIMBAD_full.vot.fits :
Total Rows: 1121637
+-------------------+------------+------------+--------------+-----------+---------+
| column            | mean       | stdDev     | min          | max       | good    |
+-------------------+------------+------------+--------------+-----------+---------+
| ra_s              | 182.3765   | 101.381424 | 3.343714E-4  | 359.99942 | 1121637 |
| de_s              | 6.65354    | 38.000977  | -89.8506     | 89.774055 | 1121637 |
| pmra              | -2.0225687 | 55.643593  | -8123.7      | 6765.995  | 1043186 |
| pmdec             | -10.437216 | 51.856735  | -5817.8      | 10362.394 | 1043186 |
| ra_s_91           | 182.37651  | 101.38143  | 2.7943638E-4 | 359.99942 | 1121637 |
| de_s_91           | 6.6535635  | 38.00098   | -89.85048    | 89.77407  | 1121637 |
| main_id           |            |            |              |           | 1121637 |
| sp_type           |            |            |              |           | 1121637 |
| main_type         |            |            |              |           | 1121634 |
| other_types       |            |            |              |           | 1121637 |
| V                 | 10.3210535 | 1.8695673  | -1.46        | 16.0      | 609752  |
| SIMBAD_GROUP_SIZE | 48.037254  | 316.8887   | 2            | 3534      | 30065   |
+-------------------+------------+------------+--------------+-----------+---------+
- STATS on 1_min_mdfc-v10.fits :
Total Rows: 465857
+-------------+------------+-----------+--------------+-----------+--------+
| column      | mean       | stdDev    | min          | max       | good   |
+-------------+------------+-----------+--------------+-----------+--------+
| MDFC_ID     |            |           |              |           | 465857 |
| RAJ2000     |            |           |              |           | 465857 |
| DEJ2000     |            |           |              |           | 465857 |
| IRflag      | 1.0827936  | 1.554538  | 0            | 7         | 465857 |
| Lflux_med   | 1.5254774  | 42.61173  | 1.6299028E-4 | 15720.791 | 465755 |
| e_Lflux_med | 0.458417   | 23.706154 | 3.0239256E-8 | 11478.607 | 432072 |
| Mflux_med   | 0.8892675  | 19.973076 | 8.886453E-5  | 7141.7    | 465757 |
| e_Mflux_med | 0.33401743 | 14.302171 | 8.423023E-10 | 6363.4277 | 432130 |
| Nflux_med   | 0.33924013 | 18.71475  | 9.8775825E-5 | 9278.1    | 465750 |
| e_Nflux_med | 0.12537919 | 7.3004456 | 9.378568E-10 | 3538.2249 | 433969 |
+-------------+------------+-----------+--------------+-----------+--------+
- STATS on 2_Grp_xmatch_ASCC_SIMBAD_full_0.fits :
Total Rows: 2500764
+-------------------+------------+------------+--------------+-----------+---------+
| column            | mean       | stdDev     | min          | max       | good    |
+-------------------+------------+------------+--------------+-----------+---------+
| _RAJ2000          | 188.87296  | 100.47335  | 3.4094515E-4 | 359.99988 | 2500764 |
| _DEJ2000          | -3.3170354 | 41.25193   | -89.88966    | 89.911354 | 2500764 |
| pmRA              | -1.754506  | 32.229416  | -4417.35     | 6773.35   | 2500764 |
| pmDE              | -6.086718  | 30.385551  | -5813.7      | 10308.08  | 2500764 |
| Vmag              | 11.069625  | 1.1319602  | -1.121       | 16.746    | 2500626 |
| ASCC_ID           | 1252958.2  | 724051.6   | 1            | 2603318   | 2500764 |
| ra_a_91           | 188.87297  | 100.47336  | 2.8266E-4    | 359.9999  | 2500764 |
| de_a_91           | -3.3170204 | 41.251934  | -89.88964    | 89.91136  | 2500764 |
| ASCC_GROUP_SIZE   | 2.0283375  | 0.17042844 | 2            | 4         | 31760   |
| ra_s_91           | 188.51752  | 100.39634  | 2.7943638E-4 | 359.99994 | 2461913 |
| de_s_91           | -3.4052444 | 41.374546  | -89.889656   | 89.83232  | 2461913 |
| main_id           |            |            |              |           | 2461913 |
| SIMBAD_GROUP_SIZE | 2.734864   | 3.037437   | 2            | 642       | 55315   |
| GroupID           | 2984.8347  | 1722.7336  | 1            | 5968      | 11957   |
| GroupSize         | 2.0052688  | 0.07239557 | 2            | 3         | 11957   |
| Separation        | 0.10312796 | 0.14557983 | 1.6588735E-6 | 2.9982488 | 2461913 |
+-------------------+------------+------------+--------------+-----------+---------+
- STATS on 2_Grp_xmatch_ASCC_SIMBAD_full.fits :
Total Rows: 2500764
+-------------------+------------+------------+--------------+-----------+---------+
| column            | mean       | stdDev     | min          | max       | good    |
+-------------------+------------+------------+--------------+-----------+---------+
| _RAJ2000          | 188.87296  | 100.47335  | 3.4094515E-4 | 359.99988 | 2500764 |
| _DEJ2000          | -3.3170354 | 41.25193   | -89.88966    | 89.911354 | 2500764 |
| pmRA              | -1.754506  | 32.229416  | -4417.35     | 6773.35   | 2500764 |
| pmDE              | -6.086718  | 30.385551  | -5813.7      | 10308.08  | 2500764 |
| Vmag              | 11.069625  | 1.1319602  | -1.121       | 16.746    | 2500626 |
| ASCC_ID           | 1252958.2  | 724051.6   | 1            | 2603318   | 2500764 |
| ra_a_91           | 188.87297  | 100.47336  | 2.8266E-4    | 359.9999  | 2500764 |
| de_a_91           | -3.3170204 | 41.251934  | -89.88964    | 89.91136  | 2500764 |
| ASCC_GROUP_SIZE   | 2.0283375  | 0.17042844 | 2            | 4         | 31760   |
| SIMBAD_GROUP_SIZE | 2.0052688  | 0.07239557 | 2            | 3         | 11957   |
+-------------------+------------+------------+--------------+-----------+---------+
- STATS on 2_xmatch_ASCC_SIMBAD_full.fits :
Total Rows: 2500764
+--------------------+------------+------------+--------------+-----------+---------+
| column             | mean       | stdDev     | min          | max       | good    |
+--------------------+------------+------------+--------------+-----------+---------+
| _RAJ2000           | 188.87296  | 100.47335  | 3.4094515E-4 | 359.99988 | 2500764 |
| _DEJ2000           | -3.3170354 | 41.25193   | -89.88966    | 89.911354 | 2500764 |
| pmRA               | -1.754506  | 32.229416  | -4417.35     | 6773.35   | 2500764 |
| pmDE               | -6.086718  | 30.385551  | -5813.7      | 10308.08  | 2500764 |
| Vmag               | 11.069625  | 1.1319602  | -1.121       | 16.746    | 2500626 |
| ASCC_ID            | 1252958.2  | 724051.6   | 1            | 2603318   | 2500764 |
| ra_a_91            | 188.87297  | 100.47336  | 2.8266E-4    | 359.9999  | 2500764 |
| de_a_91            | -3.3170204 | 41.251934  | -89.88964    | 89.91136  | 2500764 |
| ASCC_GROUP_SIZE    | 2.0283375  | 0.17042844 | 2            | 4         | 31760   |
| SIMBAD_GROUP_SIZE  | 2.0052688  | 0.07239557 | 2            | 3         | 11957   |
| main_id            |            |            |              |           | 2450989 |
| sp_type            |            |            |              |           | 524680  |
| main_type          |            |            |              |           | 2450989 |
| other_types        |            |            |              |           | 2450988 |
| V                  | 11.064278  | 1.1085776  | -1.46        | 15.79     | 2423051 |
| XM_SIMBAD_SEP      | 0.0977923  | 0.10725238 | 1.6588735E-6 | 1.499898  | 2450989 |
| XM_SIMBAD_SEP_2000 | 0.11601646 | 0.14158474 | 2.2025993E-6 | 21.158558 | 2450989 |
| XM_SIMBAD_SEP_91   | 0.0977923  | 0.10725238 | 1.6589219E-6 | 1.499898  | 2450989 |
+--------------------+------------+------------+--------------+-----------+---------+
- STATS on 2_xmatch_NoASCC_SIMBAD_full.fits :
Total Rows: 591630
+-------------------+------------+-----------+--------------+-----------+--------+
| column            | mean       | stdDev    | min          | max       | good   |
+-------------------+------------+-----------+--------------+-----------+--------+
| _RAJ2000          | 175.68275  | 101.5702  | 0.0019166667 | 359.99942 | 591630 |
| _DEJ2000          | 12.161022  | 34.886635 | -89.8506     | 89.63781  | 591630 |
| pmra              | -2.3936462 | 58.630585 | -8123.7      | 3429.083  | 514589 |
| pmdec             | -11.994306 | 54.23613  | -5094.22     | 3314.437  | 514589 |
| main_id           |            |           |              |           | 591630 |
| sp_type           |            |           |              |           | 591630 |
| main_type         |            |           |              |           | 591627 |
| other_types       |            |           |              |           | 591630 |
| V_SIMBAD          | 13.484131  | 1.463163  | -0.1         | 16.0      | 90392  |
| SIMBAD_GROUP_SIZE | 124.76262  | 510.6122  | 2            | 3534      | 11176  |
+-------------------+------------+-----------+--------------+-----------+--------+
- STATS on 2_xmatch_ASCC_SIMBAD_full_J2000.fits :
Total Rows: 2500764
+-------------------+------------+------------+--------------+-----------+---------+
| column            | mean       | stdDev     | min          | max       | good    |
+-------------------+------------+------------+--------------+-----------+---------+
| _RAJ2000          | 188.87296  | 100.47335  | 3.4094515E-4 | 359.99988 | 2500764 |
| _DEJ2000          | -3.3170354 | 41.25193   | -89.88966    | 89.911354 | 2500764 |
| pmRA              | -1.754506  | 32.229416  | -4417.35     | 6773.35   | 2500764 |
| pmDE              | -6.086718  | 30.385551  | -5813.7      | 10308.08  | 2500764 |
| Vmag              | 11.069625  | 1.1319602  | -1.121       | 16.746    | 2500626 |
| ASCC_ID           | 1252958.2  | 724051.6   | 1            | 2603318   | 2500764 |
| ra_a_91           | 188.87297  | 100.47336  | 2.8266E-4    | 359.9999  | 2500764 |
| de_a_91           | -3.3170204 | 41.251934  | -89.88964    | 89.91136  | 2500764 |
| ASCC_GROUP_SIZE   | 2.0283375  | 0.17042844 | 2            | 4         | 31760   |
| SIMBAD_GROUP_SIZE | 2.0052688  | 0.07239557 | 2            | 3         | 11957   |
| main_id           |            |            |              |           | 2450989 |
| sp_type           |            |            |              |           | 524680  |
| main_type         |            |            |              |           | 2450989 |
| other_types       |            |            |              |           | 2450988 |
| V                 | 11.064278  | 1.1085776  | -1.46        | 15.79     | 2423051 |
| XM_SIMBAD_SEP     | 0.0977923  | 0.10725238 | 1.6588735E-6 | 1.499898  | 2450989 |
| V_SIMBAD          | 11.063168  | 1.1094152  | -1.46        | 15.88     | 2420507 |
| XM_SIMBAD_FLAG    | 1.0        | 0.0        | 1            | 1         | 7150    |
+-------------------+------------+------------+--------------+-----------+---------+
- STATS on 2_xmatch_ASCC_SIMBAD_MDFC_full.fits :
Total Rows: 2500764
+-------------------+------------+------------+--------------+-----------+---------+
| column            | mean       | stdDev     | min          | max       | good    |
+-------------------+------------+------------+--------------+-----------+---------+
| _RAJ2000          | 188.87296  | 100.47335  | 3.4094515E-4 | 359.99988 | 2500764 |
| _DEJ2000          | -3.3170354 | 41.25193   | -89.88966    | 89.911354 | 2500764 |
| pmRA              | -1.754506  | 32.229416  | -4417.35     | 6773.35   | 2500764 |
| pmDE              | -6.086718  | 30.385551  | -5813.7      | 10308.08  | 2500764 |
| Vmag              | 11.069625  | 1.1319602  | -1.121       | 16.746    | 2500626 |
| ASCC_ID           | 1252958.2  | 724051.6   | 1            | 2603318   | 2500764 |
| ra_a_91           | 188.87297  | 100.47336  | 2.8266E-4    | 359.9999  | 2500764 |
| de_a_91           | -3.3170204 | 41.251934  | -89.88964    | 89.91136  | 2500764 |
| ASCC_GROUP_SIZE   | 2.0283375  | 0.17042844 | 2            | 4         | 31760   |
| SIMBAD_GROUP_SIZE | 2.0052688  | 0.07239557 | 2            | 3         | 11957   |
| main_id           |            |            |              |           | 2450989 |
| sp_type           |            |            |              |           | 524680  |
| main_type         |            |            |              |           | 2450989 |
| other_types       |            |            |              |           | 2450988 |
| V                 | 11.064278  | 1.1085776  | -1.46        | 15.79     | 2423051 |
| XM_SIMBAD_SEP     | 0.0977923  | 0.10725238 | 1.6588735E-6 | 1.499898  | 2450989 |
| V_SIMBAD          | 11.063168  | 1.1094152  | -1.46        | 15.88     | 2420507 |
| XM_SIMBAD_FLAG    | 1.0        | 0.0        | 1            | 1         | 7150    |
| MDFC_ID           |            |            |              |           | 454006  |
| IRflag            | 1.0760365  | 1.555401   | 0            | 7         | 454006  |
| Lflux_med         | 1.523052   | 41.44173   | 1.6299028E-4 | 15720.791 | 453909  |
| e_Lflux_med       | 0.43599328 | 16.217575  | 3.0239256E-8 | 5404.2817 | 421801  |
| Mflux_med         | 0.88723767 | 19.052938  | 8.886453E-5  | 7141.7    | 453913  |
| e_Mflux_med       | 0.3222607  | 10.647098  | 8.423023E-10 | 3063.0676 | 421854  |
| Nflux_med         | 0.3305945  | 17.80851   | 9.8775825E-5 | 9278.1    | 453906  |
| e_Nflux_med       | 0.11421133 | 4.0492415  | 9.378568E-10 | 1230.4095 | 423543  |
+-------------------+------------+------------+--------------+-----------+---------+
- STATS on 2_xmatch_ASCC_SIMBAD_MDFC_full_dist.fits :
Total Rows: 2500764
+-------------------+------------+------------+--------------+-----------+---------+
| column            | mean       | stdDev     | min          | max       | good    |
+-------------------+------------+------------+--------------+-----------+---------+
| _RAJ2000          | 188.87296  | 100.47335  | 3.4094515E-4 | 359.99988 | 2500764 |
| _DEJ2000          | -3.3170354 | 41.25193   | -89.88966    | 89.911354 | 2500764 |
| pmRA              | -1.754506  | 32.229416  | -4417.35     | 6773.35   | 2500764 |
| pmDE              | -6.086718  | 30.385551  | -5813.7      | 10308.08  | 2500764 |
| Vmag              | 11.069625  | 1.1319602  | -1.121       | 16.746    | 2500626 |
| ASCC_ID           | 1252958.2  | 724051.6   | 1            | 2603318   | 2500764 |
| ra_a_91           | 188.87297  | 100.47336  | 2.8266E-4    | 359.9999  | 2500764 |
| de_a_91           | -3.3170204 | 41.251934  | -89.88964    | 89.91136  | 2500764 |
| ASCC_GROUP_SIZE   | 2.0283375  | 0.17042844 | 2            | 4         | 31760   |
| SIMBAD_GROUP_SIZE | 2.0052688  | 0.07239557 | 2            | 3         | 11957   |
| main_id           |            |            |              |           | 2450989 |
| sp_type           |            |            |              |           | 524680  |
| main_type         |            |            |              |           | 2450989 |
| other_types       |            |            |              |           | 2450988 |
| V                 | 11.064278  | 1.1085776  | -1.46        | 15.79     | 2423051 |
| XM_SIMBAD_SEP     | 0.0977923  | 0.10725238 | 1.6588735E-6 | 1.499898  | 2450989 |
| V_SIMBAD          | 11.063168  | 1.1094152  | -1.46        | 15.88     | 2420507 |
| XM_SIMBAD_FLAG    | 1.0        | 0.0        | 1            | 1         | 7150    |
| MDFC_ID           |            |            |              |           | 465818  |
| IRflag            | 1.0827082  | 1.5544553  | 0            | 7         | 465818  |
| Lflux_med         | 1.5206355  | 42.534527  | 1.6299028E-4 | 15720.791 | 465717  |
| e_Lflux_med       | 0.45798847 | 23.706205  | 3.0239256E-8 | 11478.607 | 432047  |
| Mflux_med         | 0.8862267  | 19.91887   | 8.886453E-5  | 7141.7    | 465720  |
| e_Mflux_med       | 0.3335035  | 14.301642  | 8.423023E-10 | 6363.4277 | 432102  |
| Nflux_med         | 0.33530098 | 18.591125  | 9.8775825E-5 | 9278.1    | 465712  |
| e_Nflux_med       | 0.12085117 | 6.6976385  | 9.378568E-10 | 3538.2249 | 433938  |
+-------------------+------------+------------+--------------+-----------+---------+
- STATS on 3_xmatch_ASCC_SIMBAD_MDFC_full_cols.fits :
Total Rows: 2500764
+---------------+-------------+------------+--------------+-----------+---------+
| column        | mean        | stdDev     | min          | max       | good    |
+---------------+-------------+------------+--------------+-----------+---------+
| RAJ2000       |             |            |              |           | 2500764 |
| DEJ2000       |             |            |              |           | 2500764 |
| pmRA          | -1.754506   | 32.229416  | -4417.35     | 6773.35   | 2500764 |
| pmDE          | -6.086718   | 30.385551  | -5813.7      | 10308.08  | 2500764 |
| ASCC_ID       | 1252958.2   | 724051.6   | 1            | 2603318   | 2500764 |
| ra_a_91       | 188.87297   | 100.47336  | 2.8266E-4    | 359.9999  | 2500764 |
| de_a_91       | -3.3170204  | 41.251934  | -89.88964    | 89.91136  | 2500764 |
| MAIN_ID       |             |            |              |           | 2450989 |
| SP_TYPE       |             |            |              |           | 524680  |
| OTYPES        |             |            |              |           | 2450989 |
| XM_SIMBAD_SEP | 0.0977923   | 0.10725238 | 1.6588735E-6 | 1.499898  | 2450989 |
| GROUP_SIZE_3  | 0.028625652 | 0.24023715 | 0            | 5         | 2500764 |
| V_SIMBAD      | 11.063168   | 1.1094152  | -1.46        | 15.88     | 2420507 |
| MDFC_ID       |             |            |              |           | 465818  |
| IRflag        | 1.0827082   | 1.5544553  | 0            | 7         | 465818  |
| Lflux_med     | 1.5206355   | 42.534527  | 1.6299028E-4 | 15720.791 | 465717  |
| e_Lflux_med   | 0.45798847  | 23.706205  | 3.0239256E-8 | 11478.607 | 432047  |
| Mflux_med     | 0.8862267   | 19.91887   | 8.886453E-5  | 7141.7    | 465720  |
| e_Mflux_med   | 0.3335035   | 14.301642  | 8.423023E-10 | 6363.4277 | 432102  |
| Nflux_med     | 0.33530098  | 18.591125  | 9.8775825E-5 | 9278.1    | 465712  |
| e_Nflux_med   | 0.12085117  | 6.6976385  | 9.378568E-10 | 3538.2249 | 433938  |
+---------------+-------------+------------+--------------+-----------+---------+
- STATS on 3_xmatch_NoASCC_SIMBAD_full_cols.fits :
Total Rows: 591630
+--------------+------------+-----------+----------+----------+--------+
| column       | mean       | stdDev    | min      | max      | good   |
+--------------+------------+-----------+----------+----------+--------+
| RAJ2000      |            |           |          |          | 591630 |
| DEJ2000      |            |           |          |          | 591630 |
| pmRA         | -2.3936462 | 58.630585 | -8123.7  | 3429.083 | 514589 |
| pmDE         | -11.994306 | 54.23613  | -5094.22 | 3314.437 | 514589 |
| MAIN_ID      |            |           |          |          | 591630 |
| SP_TYPE      |            |           |          |          | 591630 |
| OTYPES       |            |           |          |          | 591627 |
| V_SIMBAD     | 13.484131  | 1.463163  | -0.1     | 16.0     | 90392  |
| GROUP_SIZE_3 | 124.76262  | 510.6122  | 2        | 3534     | 11176  |
+--------------+------------+-----------+----------+----------+--------+
- STATS on 3_xmatch_ASCC_SIMBAD_MDFC_full_sptype_0.fits :
Total Rows: 524680
+---------------+-------------+------------+--------------+-----------+--------+
| column        | mean        | stdDev     | min          | max       | good   |
+---------------+-------------+------------+--------------+-----------+--------+
| RAJ2000       |             |            |              |           | 524680 |
| DEJ2000       |             |            |              |           | 524680 |
| pmRA          | -1.7427998  | 52.589577  | -4417.35     | 6773.35   | 524680 |
| pmDE          | -8.964517   | 49.50911   | -5813.06     | 10308.08  | 524680 |
| ASCC_ID       | 1183350.8   | 708571.0   | 4            | 2603315   | 524680 |
| ra_a_91       | 189.89256   | 100.64234  | 2.8266E-4    | 359.99915 | 524680 |
| de_a_91       | 0.5110825   | 40.324284  | -89.831245   | 89.77407  | 524680 |
| MAIN_ID       |             |            |              |           | 524680 |
| SP_TYPE       |             |            |              |           | 524680 |
| OTYPES        |             |            |              |           | 524680 |
| XM_SIMBAD_SEP | 0.044999365 | 0.06832861 | 2.3767293E-6 | 1.497625  | 524680 |
| GROUP_SIZE_3  | 0.045193262 | 0.31054863 | 0            | 5         | 524680 |
| V_SIMBAD      | 9.766041    | 1.2997991  | -1.46        | 15.88     | 515969 |
| MDFC_ID       |             |            |              |           | 447967 |
| IRflag        | 1.080046    | 1.5576767  | 0            | 7         | 447967 |
| Lflux_med     | 1.5575061   | 43.368965  | 1.6299028E-4 | 15720.791 | 447869 |
| e_Lflux_med   | 0.46981126  | 24.170465  | 3.0239256E-8 | 11478.607 | 415524 |
| Mflux_med     | 0.907216    | 20.307793  | 8.886453E-5  | 7141.7    | 447873 |
| e_Mflux_med   | 0.34209016  | 14.580224  | 8.423023E-10 | 6363.4277 | 415578 |
| Nflux_med     | 0.34376508  | 18.952578  | 9.8775825E-5 | 9278.1    | 447865 |
| e_Nflux_med   | 0.12403092  | 6.828812   | 9.378568E-10 | 3538.2249 | 417351 |
+---------------+-------------+------------+--------------+-----------+--------+
- STATS on 3_xmatch_ASCC_SIMBAD_MDFC_full_sptype.vot :
Total Rows: 534828
+---------------+-------------+-------------+--------------+-----------+--------+
| column        | mean        | stdDev      | min          | max       | good   |
+---------------+-------------+-------------+--------------+-----------+--------+
| RAJ2000       |             |             |              |           | 534828 |
| DEJ2000       |             |             |              |           | 534828 |
| pmRA          | -1.732432   | 53.132034   | -4417.35     | 6773.35   | 534828 |
| pmDE          | -9.05164    | 50.21412    | -5813.06     | 10308.08  | 534828 |
| ASCC_ID       | 1191185.5   | 714205.94   | 4            | 2603318   | 534828 |
| MAIN_ID       |             |             |              |           | 529600 |
| SP_TYPE       |             |             |              |           | 524680 |
| OTYPES        |             |             |              |           | 529600 |
| XM_SIMBAD_SEP | 0.045009535 | 0.068835095 | 2.3767293E-6 | 1.497625  | 529600 |
| GROUP_SIZE_3  | 0.08290142  | 0.41081944  | 0            | 5         | 534828 |
| V_SIMBAD      | 9.766883    | 1.2987142   | -1.46        | 15.88     | 520025 |
| MDFC_ID       |             |             |              |           | 447971 |
| IRflag        | 1.0800565   | 1.5576756   | 0            | 7         | 447971 |
| Lflux_med     | 1.5576599   | 43.368813   | 1.6299028E-4 | 15720.791 | 447873 |
| e_Lflux_med   | 0.46991065  | 24.170387   | 3.0239256E-8 | 11478.607 | 415528 |
| Mflux_med     | 0.9073347   | 20.307749   | 8.886453E-5  | 7141.7    | 447877 |
| e_Mflux_med   | 0.34216443  | 14.580187   | 8.423023E-10 | 6363.4277 | 415582 |
| Nflux_med     | 0.34379166  | 18.952497   | 9.8775825E-5 | 9278.1    | 447869 |
| e_Nflux_med   | 0.12403767  | 6.82878     | 9.378568E-10 | 3538.2249 | 417355 |
+---------------+-------------+-------------+--------------+-----------+--------+
- STATS on 3_xmatch_NoASCC_SIMBAD_full_sptype.vot :
Total Rows: 591630
+--------------+------------+-----------+----------+----------+--------+
| column       | mean       | stdDev    | min      | max      | good   |
+--------------+------------+-----------+----------+----------+--------+
| RAJ2000      |            |           |          |          | 591630 |
| DEJ2000      |            |           |          |          | 591630 |
| pmRA         | -2.3936462 | 58.630585 | -8123.7  | 3429.083 | 514589 |
| pmDE         | -11.994306 | 54.23613  | -5094.22 | 3314.437 | 514589 |
| MAIN_ID      |            |           |          |          | 591630 |
| SP_TYPE      |            |           |          |          | 591630 |
| OTYPES       |            |           |          |          | 591627 |
| V_SIMBAD     | 13.484131  | 1.463163  | -0.1     | 16.0     | 90392  |
| GROUP_SIZE_3 | 124.76262  | 510.6122  | 2        | 3534     | 11176  |
+--------------+------------+-----------+----------+----------+--------+
- STATS on 3_xmatch_ASCC_SIMBAD_MDFC_full_NO_sptype_0.fits :
Total Rows: 2500764
+---------------+-------------+------------+--------------+----------+---------+
| column        | mean        | stdDev     | min          | max      | good    |
+---------------+-------------+------------+--------------+----------+---------+
| RAJ2000       |             |            |              |          | 2500764 |
| DEJ2000       |             |            |              |          | 2500764 |
| pmRA          | -1.754506   | 32.229416  | -4417.35     | 6773.35  | 2500764 |
| pmDE          | -6.086718   | 30.385551  | -5813.7      | 10308.08 | 2500764 |
| ASCC_ID       | 1252958.2   | 724051.6   | 1            | 2603318  | 2500764 |
| MAIN_ID       |             |            |              |          | 2450989 |
| OTYPES        |             |            |              |          | 2450989 |
| XM_SIMBAD_SEP | 0.0977923   | 0.10725238 | 1.6588735E-6 | 1.499898 | 2450989 |
| GROUP_SIZE_3  | 0.028625652 | 0.24023715 | 0            | 5        | 2500764 |
| V_SIMBAD      | 11.063168   | 1.1094152  | -1.46        | 15.88    | 2420507 |
+---------------+-------------+------------+--------------+----------+---------+
- STATS on 3_xmatch_ASCC_SIMBAD_MDFC_full_NO_sptype.vot :
Total Rows: 1965936
+---------------+-------------+------------+--------------+----------+---------+
| column        | mean        | stdDev     | min          | max      | good    |
+---------------+-------------+------------+--------------+----------+---------+
| RAJ2000       |             |            |              |          | 1965936 |
| DEJ2000       |             |            |              |          | 1965936 |
| pmRA          | -1.7605112  | 23.5229    | -3681.47     | 4147.35  | 1965936 |
| pmDE          | -5.2801414  | 22.033161  | -5813.7      | 3203.63  | 1965936 |
| ASCC_ID       | 1269763.4   | 725797.94  | 1            | 2603306  | 1965936 |
| MAIN_ID       |             |            |              |          | 1921389 |
| OTYPES        |             |            |              |          | 1921389 |
| XM_SIMBAD_SEP | 0.11234106  | 0.11130181 | 1.6588735E-6 | 1.499898 | 1921389 |
| GROUP_SIZE_3  | 0.013860065 | 0.16273044 | 0            | 4        | 1965936 |
| V_SIMBAD      | 11.417867   | 0.721432   | 2.22         | 15.79    | 1900482 |
+---------------+-------------+------------+--------------+----------+---------+
That's all folks ! @ date: jeu. 06 févr. 2025 11:03:17 UTC
